Traceback (most recent call last):
  File "C:\Users\Mari\miniconda3\envs\deepl_venv\lib\site-packages\jupyter_cache\executors\utils.py", line 58, in single_nb_execution
    executenb(
  File "C:\Users\Mari\miniconda3\envs\deepl_venv\lib\site-packages\nbclient\client.py", line 1305, in execute
    return NotebookClient(nb=nb, resources=resources, km=km, **kwargs).execute()
  File "C:\Users\Mari\miniconda3\envs\deepl_venv\lib\site-packages\jupyter_core\utils\__init__.py", line 166, in wrapped
    return loop.run_until_complete(inner)
  File "C:\Users\Mari\miniconda3\envs\deepl_venv\lib\asyncio\base_events.py", line 647, in run_until_complete
    return future.result()
  File "C:\Users\Mari\miniconda3\envs\deepl_venv\lib\site-packages\nbclient\client.py", line 705, in async_execute
    await self.async_execute_cell(
  File "C:\Users\Mari\miniconda3\envs\deepl_venv\lib\site-packages\nbclient\client.py", line 1058, in async_execute_cell
    await self._check_raise_for_error(cell, cell_index, exec_reply)
  File "C:\Users\Mari\miniconda3\envs\deepl_venv\lib\site-packages\nbclient\client.py", line 914, in _check_raise_for_error
    raise CellExecutionError.from_cell_and_msg(cell, exec_reply_content)
nbclient.exceptions.CellExecutionError: An error occurred while executing the following cell:
------------------
matriz_v, matriz_p, tabla_asociaciones = matriz_asociacion_categoricas(df, nombre_var_cat,figsize=(24,24), annot=True)
------------------

----- stderr -----
C:\Users\Mari\miniconda3\envs\deepl_venv\lib\site-packages\seaborn\utils.py:61: UserWarning: Glyph 9 (	) missing from font(s) DejaVu Sans.
  fig.canvas.draw()
----- stderr -----
C:\Users\Mari\miniconda3\envs\deepl_venv\lib\site-packages\IPython\core\pylabtools.py:152: UserWarning: Glyph 9 (	) missing from font(s) DejaVu Sans.
  fig.canvas.print_figure(bytes_io, **kw)
------------------

[1;31m---------------------------------------------------------------------------[0m
[1;31mNameError[0m                                 Traceback (most recent call last)
Cell [1;32mIn[151], line 1[0m
[1;32m----> 1[0m matriz_v, matriz_p, tabla_asociaciones [38;5;241m=[39m [43mmatriz_asociacion_categoricas[49m[43m([49m[43mdf[49m[43m,[49m[43m [49m[43mnombre_var_cat[49m[43m,[49m[43mfigsize[49m[38;5;241;43m=[39;49m[43m([49m[38;5;241;43m24[39;49m[43m,[49m[38;5;241;43m24[39;49m[43m)[49m[43m,[49m[43m [49m[43mannot[49m[38;5;241;43m=[39;49m[38;5;28;43;01mTrue[39;49;00m[43m)[49m

Cell [1;32mIn[7], line 51[0m, in [0;36mmatriz_asociacion_categoricas[1;34m(df, variables, figsize, annot)[0m
[0;32m     48[0m plt[38;5;241m.[39mshow()
[0;32m     50[0m tabla_asociaciones [38;5;241m=[39m pd[38;5;241m.[39mDataFrame(resultados, columns[38;5;241m=[39m[[38;5;124m"[39m[38;5;124mVariable_1[39m[38;5;124m"[39m, [38;5;124m"[39m[38;5;124mVariable_2[39m[38;5;124m"[39m, [38;5;124m"[39m[38;5;124mV_Cramer[39m[38;5;124m"[39m, [38;5;124m"[39m[38;5;124mp_valor[39m[38;5;124m"[39m])
[1;32m---> 51[0m tabla_asociaciones [38;5;241m=[39m [43mTFG_asociaciones[49m[38;5;241m.[39msort_values(by[38;5;241m=[39m[38;5;124m"[39m[38;5;124mV_Cramer[39m[38;5;124m"[39m, ascending[38;5;241m=[39m[38;5;28;01mFalse[39;00m)[38;5;241m.[39mreset_index(drop[38;5;241m=[39m[38;5;28;01mTrue[39;00m)
[0;32m     53[0m [38;5;28;01mreturn[39;00m matriz_v, matriz_p, tabla_asociaciones

[1;31mNameError[0m: name 'TFG_asociaciones' is not defined

